build/intermediates/manifest_merge_blame_file/debug/manifest-merger-blame-debug-report.txt
1<?xml version="1.0" encoding="utf-8"?>
2<manifest xmlns:android="http://schemas.android.com/apk/res/android"
3    package="com.amazonaws.demo.s3transferutility"
4    android:versionCode="1"
5    android:versionName="1.0.0" >
6
7    <uses-sdk
8        android:minSdkVersion="18"
8-->GitHub\ed2_rooms_mapping\AndroidManifest.xml
9        android:targetSdkVersion="29" />
9-->GitHub\ed2_rooms_mapping\AndroidManifest.xml
10
11    <uses-permission android:name="android.permission.INTERNET" />
11-->GitHub\ed2_rooms_mapping\AndroidManifest.xml:4:5-67
11-->GitHub\ed2_rooms_mapping\AndroidManifest.xml:4:22-64
12    <uses-permission android:name="android.permission.ACCESS_NETWORK_STATE" />
12-->GitHub\ed2_rooms_mapping\AndroidManifest.xml:5:5-79
12-->GitHub\ed2_rooms_mapping\AndroidManifest.xml:5:22-76
13    <uses-permission android:name="android.permission.FOREGROUND_SERVICE" />
13-->GitHub\ed2_rooms_mapping\AndroidManifest.xml:6:5-77
13-->GitHub\ed2_rooms_mapping\AndroidManifest.xml:6:22-74
14    <uses-permission android:name="android.permission.WRITE_EXTERNAL_STORAGE" />
15    <uses-permission android:name="android.permission.READ_PHONE_STATE" />
16    <uses-permission android:name="android.permission.READ_EXTERNAL_STORAGE" />
17
18    <application
18-->GitHub\ed2_rooms_mapping\AndroidManifest.xml:8:5-39:19
19        android:name="com.amazonaws.demo.s3transferutility.MyApplication"
19-->GitHub\ed2_rooms_mapping\AndroidManifest.xml:9:9-38
20        android:allowBackup="true"
20-->GitHub\ed2_rooms_mapping\AndroidManifest.xml:10:9-35
21        android:appComponentFactory="android.support.v4.app.CoreComponentFactory"
21-->[com.android.support:support-compat:28.0.0] AndroidManifest.xml:22:18-91
22        android:debuggable="true"
23        android:icon="@drawable/ic_launcher"
23-->GitHub\ed2_rooms_mapping\AndroidManifest.xml:11:9-45
24        android:label="Ed2 Rooms Mapping"
24-->GitHub\ed2_rooms_mapping\AndroidManifest.xml:12:9-42
25        android:testOnly="true" >
26        /*android:label="@string/app_name"> */
27        <activity android:name="com.amazonaws.demo.s3transferutility.MainActivity" >
27-->GitHub\ed2_rooms_mapping\AndroidManifest.xml:15:9-21:20
27-->GitHub\ed2_rooms_mapping\AndroidManifest.xml:15:19-83
28            <intent-filter>
28-->GitHub\ed2_rooms_mapping\AndroidManifest.xml:16:13-20:29
29                <action android:name="android.intent.action.MAIN" />
29-->GitHub\ed2_rooms_mapping\AndroidManifest.xml:17:17-69
29-->GitHub\ed2_rooms_mapping\AndroidManifest.xml:17:25-66
30
31                <category android:name="android.intent.category.LAUNCHER" />
31-->GitHub\ed2_rooms_mapping\AndroidManifest.xml:19:17-77
31-->GitHub\ed2_rooms_mapping\AndroidManifest.xml:19:27-74
32            </intent-filter>
33        </activity>
34        <activity
34-->GitHub\ed2_rooms_mapping\AndroidManifest.xml:22:9-24:57
35            android:name="com.amazonaws.demo.s3transferutility.DownloadActivity"
35-->GitHub\ed2_rooms_mapping\AndroidManifest.xml:23:13-81
36            android:label="@string/download_activity" />
36-->GitHub\ed2_rooms_mapping\AndroidManifest.xml:24:13-54
37        <activity
37-->GitHub\ed2_rooms_mapping\AndroidManifest.xml:25:9-27:55
38            android:name="com.amazonaws.demo.s3transferutility.UploadActivity"
38-->GitHub\ed2_rooms_mapping\AndroidManifest.xml:26:13-79
39            android:label="@string/upload_activity" />
39-->GitHub\ed2_rooms_mapping\AndroidManifest.xml:27:13-52
40        <activity
40-->GitHub\ed2_rooms_mapping\AndroidManifest.xml:28:9-30:67
41            android:name="com.amazonaws.demo.s3transferutility.DownloadSelectionActivity"
41-->GitHub\ed2_rooms_mapping\AndroidManifest.xml:29:13-90
42            android:label="@string/download_selection_activity" />
42-->GitHub\ed2_rooms_mapping\AndroidManifest.xml:30:13-64
43
44        <service
44-->GitHub\ed2_rooms_mapping\AndroidManifest.xml:32:9-34:38
45            android:name="com.amazonaws.mobileconnectors.s3.transferutility.TransferService"
45-->GitHub\ed2_rooms_mapping\AndroidManifest.xml:33:13-93
46            android:enabled="true" />
46-->GitHub\ed2_rooms_mapping\AndroidManifest.xml:34:13-35
47        <service
47-->GitHub\ed2_rooms_mapping\AndroidManifest.xml:36:9-38:38
48            android:name="com.amazonaws.demo.s3transferutility.MyService"
48-->GitHub\ed2_rooms_mapping\AndroidManifest.xml:37:13-38
49            android:enabled="true" />
49-->GitHub\ed2_rooms_mapping\AndroidManifest.xml:38:13-35
50    </application>
51
52</manifest>